react-dom_client.js?v=eadac18c:17987 Download the React DevTools for a better development experience: https://react.dev/link/react-devtools
@supabase_supabase-js.js?v=eadac18c:3907 
            
            
           GET https://ixyohowqjfuzrgalatjp.supabase.co/rest/v1/activity_members?select=activity_id%2Crole%2Cactivities%28name%29&user_id=eq.72ac0606-37d8-4172-aebd-68e0ee5277a7 400 (Bad Request)
(anonymous) @ @supabase_supabase-js.js?v=eadac18c:3907
(anonymous) @ @supabase_supabase-js.js?v=eadac18c:3928
fulfilled @ @supabase_supabase-js.js?v=eadac18c:3880
Promise.then
step @ @supabase_supabase-js.js?v=eadac18c:3893
(anonymous) @ @supabase_supabase-js.js?v=eadac18c:3895
__awaiter6 @ @supabase_supabase-js.js?v=eadac18c:3877
(anonymous) @ @supabase_supabase-js.js?v=eadac18c:3918
then @ @supabase_supabase-js.js?v=eadac18c:89
@supabase_supabase-js.js?v=eadac18c:3907 
            
            
           GET https://ixyohowqjfuzrgalatjp.supabase.co/rest/v1/activity_members?select=activity_id%2Crole%2Cactivities%28name%29&user_id=eq.72ac0606-37d8-4172-aebd-68e0ee5277a7 400 (Bad Request)
(anonymous) @ @supabase_supabase-js.js?v=eadac18c:3907
(anonymous) @ @supabase_supabase-js.js?v=eadac18c:3928
fulfilled @ @supabase_supabase-js.js?v=eadac18c:3880
Promise.then
step @ @supabase_supabase-js.js?v=eadac18c:3893
(anonymous) @ @supabase_supabase-js.js?v=eadac18c:3895
__awaiter6 @ @supabase_supabase-js.js?v=eadac18c:3877
(anonymous) @ @supabase_supabase-js.js?v=eadac18c:3918
then @ @supabase_supabase-js.js?v=eadac18c:89
ActivitySelectionPage.jsx:37 活動資料獲取失敗: {code: '42703', details: null, hint: null, message: 'column activities_1.name does not exist'}
fetchActivities @ ActivitySelectionPage.jsx:37
await in fetchActivities
(anonymous) @ ActivitySelectionPage.jsx:16
react-stack-bottom-frame @ react-dom_client.js?v=eadac18c:17478
runWithFiberInDEV @ react-dom_client.js?v=eadac18c:1485
commitHookEffectListMount @ react-dom_client.js?v=eadac18c:8460
commitHookPassiveMountEffects @ react-dom_client.js?v=eadac18c:8518
commitPassiveMountOnFiber @ react-dom_client.js?v=eadac18c:9887
recursivelyTraversePassiveMountEffects @ react-dom_client.js?v=eadac18c:9868
commitPassiveMountOnFiber @ react-dom_client.js?v=eadac18c:9984
recursivelyTraversePassiveMountEffects @ react-dom_client.js?v=eadac18c:9868
commitPassiveMountOnFiber @ react-dom_client.js?v=eadac18c:9881
recursivelyTraversePassiveMountEffects @ react-dom_client.js?v=eadac18c:9868
commitPassiveMountOnFiber @ react-dom_client.js?v=eadac18c:9881
recursivelyTraversePassiveMountEffects @ react-dom_client.js?v=eadac18c:9868
commitPassiveMountOnFiber @ react-dom_client.js?v=eadac18c:9984
recursivelyTraversePassiveMountEffects @ react-dom_client.js?v=eadac18c:9868
commitPassiveMountOnFiber @ react-dom_client.js?v=eadac18c:9881
recursivelyTraversePassiveMountEffects @ react-dom_client.js?v=eadac18c:9868
commitPassiveMountOnFiber @ react-dom_client.js?v=eadac18c:9984
recursivelyTraversePassiveMountEffects @ react-dom_client.js?v=eadac18c:9868
commitPassiveMountOnFiber @ react-dom_client.js?v=eadac18c:9984
recursivelyTraversePassiveMountEffects @ react-dom_client.js?v=eadac18c:9868
commitPassiveMountOnFiber @ react-dom_client.js?v=eadac18c:9881
recursivelyTraversePassiveMountEffects @ react-dom_client.js?v=eadac18c:9868
commitPassiveMountOnFiber @ react-dom_client.js?v=eadac18c:9881
recursivelyTraversePassiveMountEffects @ react-dom_client.js?v=eadac18c:9868
commitPassiveMountOnFiber @ react-dom_client.js?v=eadac18c:9984
recursivelyTraversePassiveMountEffects @ react-dom_client.js?v=eadac18c:9868
commitPassiveMountOnFiber @ react-dom_client.js?v=eadac18c:9899
flushPassiveEffects @ react-dom_client.js?v=eadac18c:11302
(anonymous) @ react-dom_client.js?v=eadac18c:11060
performWorkUntilDeadline @ react-dom_client.js?v=eadac18c:36
<ActivitySelectionPage>
exports.jsxDEV @ react_jsx-dev-runtime.js?v=eadac18c:250
App @ App.jsx:20
react-stack-bottom-frame @ react-dom_client.js?v=eadac18c:17424
renderWithHooksAgain @ react-dom_client.js?v=eadac18c:4281
renderWithHooks @ react-dom_client.js?v=eadac18c:4217
updateFunctionComponent @ react-dom_client.js?v=eadac18c:6619
beginWork @ react-dom_client.js?v=eadac18c:7654
runWithFiberInDEV @ react-dom_client.js?v=eadac18c:1485
performUnitOfWork @ react-dom_client.js?v=eadac18c:10868
workLoopSync @ react-dom_client.js?v=eadac18c:10728
renderRootSync @ react-dom_client.js?v=eadac18c:10711
performWorkOnRoot @ react-dom_client.js?v=eadac18c:10330
performWorkOnRootViaSchedulerTask @ react-dom_client.js?v=eadac18c:11623
performWorkUntilDeadline @ react-dom_client.js?v=eadac18c:36
<App>
exports.jsxDEV @ react_jsx-dev-runtime.js?v=eadac18c:250
(anonymous) @ main.jsx:12
ActivitySelectionPage.jsx:37 活動資料獲取失敗: {code: '42703', details: null, hint: null, message: 'column activities_1.name does not exist'}
fetchActivities @ ActivitySelectionPage.jsx:37
await in fetchActivities
(anonymous) @ ActivitySelectionPage.jsx:16
react-stack-bottom-frame @ react-dom_client.js?v=eadac18c:17478
runWithFiberInDEV @ react-dom_client.js?v=eadac18c:1485
commitHookEffectListMount @ react-dom_client.js?v=eadac18c:8460
commitHookPassiveMountEffects @ react-dom_client.js?v=eadac18c:8518
reconnectPassiveEffects @ react-dom_client.js?v=eadac18c:10016
recursivelyTraverseReconnectPassiveEffects @ react-dom_client.js?v=eadac18c:9995
reconnectPassiveEffects @ react-dom_client.js?v=eadac18c:10054
recursivelyTraverseReconnectPassiveEffects @ react-dom_client.js?v=eadac18c:9995
reconnectPassiveEffects @ react-dom_client.js?v=eadac18c:10009
recursivelyTraverseReconnectPassiveEffects @ react-dom_client.js?v=eadac18c:9995
reconnectPassiveEffects @ react-dom_client.js?v=eadac18c:10009
recursivelyTraverseReconnectPassiveEffects @ react-dom_client.js?v=eadac18c:9995
reconnectPassiveEffects @ react-dom_client.js?v=eadac18c:10054
recursivelyTraverseReconnectPassiveEffects @ react-dom_client.js?v=eadac18c:9995
reconnectPassiveEffects @ react-dom_client.js?v=eadac18c:10009
recursivelyTraverseReconnectPassiveEffects @ react-dom_client.js?v=eadac18c:9995
reconnectPassiveEffects @ react-dom_client.js?v=eadac18c:10054
recursivelyTraverseReconnectPassiveEffects @ react-dom_client.js?v=eadac18c:9995
reconnectPassiveEffects @ react-dom_client.js?v=eadac18c:10054
recursivelyTraverseReconnectPassiveEffects @ react-dom_client.js?v=eadac18c:9995
reconnectPassiveEffects @ react-dom_client.js?v=eadac18c:10009
recursivelyTraverseReconnectPassiveEffects @ react-dom_client.js?v=eadac18c:9995
reconnectPassiveEffects @ react-dom_client.js?v=eadac18c:10009
recursivelyTraverseReconnectPassiveEffects @ react-dom_client.js?v=eadac18c:9995
reconnectPassiveEffects @ react-dom_client.js?v=eadac18c:10054
doubleInvokeEffectsOnFiber @ react-dom_client.js?v=eadac18c:11461
runWithFiberInDEV @ react-dom_client.js?v=eadac18c:1485
recursivelyTraverseAndDoubleInvokeEffectsInDEV @ react-dom_client.js?v=eadac18c:11432
commitDoubleInvokeEffectsInDEV @ react-dom_client.js?v=eadac18c:11469
flushPassiveEffects @ react-dom_client.js?v=eadac18c:11309
(anonymous) @ react-dom_client.js?v=eadac18c:11060
performWorkUntilDeadline @ react-dom_client.js?v=eadac18c:36
<ActivitySelectionPage>
exports.jsxDEV @ react_jsx-dev-runtime.js?v=eadac18c:250
App @ App.jsx:20
react-stack-bottom-frame @ react-dom_client.js?v=eadac18c:17424
renderWithHooksAgain @ react-dom_client.js?v=eadac18c:4281
renderWithHooks @ react-dom_client.js?v=eadac18c:4217
updateFunctionComponent @ react-dom_client.js?v=eadac18c:6619
beginWork @ react-dom_client.js?v=eadac18c:7654
runWithFiberInDEV @ react-dom_client.js?v=eadac18c:1485
performUnitOfWork @ react-dom_client.js?v=eadac18c:10868
workLoopSync @ react-dom_client.js?v=eadac18c:10728
renderRootSync @ react-dom_client.js?v=eadac18c:10711
performWorkOnRoot @ react-dom_client.js?v=eadac18c:10330
performWorkOnRootViaSchedulerTask @ react-dom_client.js?v=eadac18c:11623
performWorkUntilDeadline @ react-dom_client.js?v=eadac18c:36
<App>
exports.jsxDEV @ react_jsx-dev-runtime.js?v=eadac18c:250
(anonymous) @ main.jsx:12
